*   commit 14086d7261c7005c9bdf7c33df02fbfe9bc4be23
|\  Merge: f74744cd 37b28e30
| | Author: yatin dhingani <yatindhingani@yatins-MacBook-Pro.local>
| | Date:   Thu Nov 1 21:35:27 2018 +0530
| | 
| |     Merge branch 'formdatamaster' of https://bitbucket.org/lynkedworld/lynked.world-sails into formdatamaster
| | 
* | commit f74744cde7ba5e980e7bb9b3400249f521c5d025
| | Author: yatin dhingani <yatindhingani@yatins-MacBook-Pro.local>
| | Date:   Thu Nov 1 21:34:53 2018 +0530
| | 
| |     410 error add for delete account error in all API
| | 
| * commit 37b28e30f864d556a5cf86127bd1dc5c0d9a719c
| | Author: jaydev943 <jay.arusys@gmail.com>
| | Date:   Thu Nov 1 20:10:47 2018 +0530
| | 
| |     Fixed autosuggest blank state issue
| | 
| * commit 387db97f036ac277b92ef15ef79b01dd31ef17d0
| | Author: Bhavesh Amin <bhavesh.arusys@gmail.com>
| | Date:   Thu Nov 1 18:44:51 2018 +0530
| | 
| |     Filter with active class
| | 
| * commit deefe1066bdde8c317c054db486f4370fc86c40d
| | Author: Bhavesh Amin <bhavesh.arusys@gmail.com>
| | Date:   Thu Nov 1 18:30:34 2018 +0530
| | 
| |     Resolve Issue : Job detail wrong information for post job data
| |   
| *   commit dfe07e165dfadb36cf7913d29447d9c61c119136
| |\  Merge: 0c490e95 b1be31d3
| |/  Author: Bhavesh Amin <bhavesh.arusys@gmail.com>
|/|   Date:   Thu Nov 1 18:11:31 2018 +0530
| |   
| |       Merge branch 'formdatamaster' of https://bitbucket.org/lynkedworld/lynked.world-sails into formdatamaster
| | 
| * commit 0c490e9587b1b3c063be8370d93400ef13551953
| | Author: Bhavesh Amin <bhavesh.arusys@gmail.com>
| | Date:   Thu Nov 1 18:11:10 2018 +0530
| | 
| |     Resolve issue : Load More Jobs and Posted jobs user name and profile image.
| |   
* |   commit b1be31d34bb8ab7c6ff3267015f4ea0d26e7a7a6
|\ \  Merge: 1cf9a7c6 758a0278
| |/  Author: yatin dhingani <yatindhingani@yatins-MacBook-Pro.local>
| |   Date:   Thu Nov 1 15:00:30 2018 +0530
| |   
| |       Merge branch 'formdatamaster' of https://bitbucket.org/lynkedworld/lynked.world-sails into formdatamaster
| | 
* | commit 1cf9a7c6ffe579f35cca78a395cb638f287a9e61
 /  Author: yatin dhingani <yatindhingani@yatins-MacBook-Pro.local>
|   Date:   Thu Nov 1 15:00:13 2018 +0530
|   
|       by default selected in form document
| 
* commit 758a0278efaa462de8abb2ab2a3be884c309ee49
  Author: Bhavesh Amin <bhavesh.arusys@gmail.com>
  Date:   Thu Nov 1 14:15:51 2018 +0530
  
      Edit comment with read more text comment text not getting full.
